{"C:\\Users\\ThisdevlsTired\\Desktop\\Projects\\30 days code challenge\\tireddev-30-days-challenge\\src\\utils\\helpers.ts": {"path":"C:\\Users\\ThisdevlsTired\\Desktop\\Projects\\30 days code challenge\\tireddev-30-days-challenge\\src\\utils\\helpers.ts","statementMap":{"0":{"start":{"line":3,"column":0},"end":{"line":3,"column":16}},"1":{"start":{"line":1,"column":0},"end":{"line":1,"column":36}},"2":{"start":{"line":4,"column":21},"end":{"line":4,"column":33}},"3":{"start":{"line":5,"column":12},"end":{"line":5,"column":14}},"4":{"start":{"line":6,"column":2},"end":{"line":9,"column":3}},"5":{"start":{"line":6,"column":15},"end":{"line":6,"column":16}},"6":{"start":{"line":7,"column":24},"end":{"line":7,"column":69}},"7":{"start":{"line":8,"column":4},"end":{"line":8,"column":42}},"8":{"start":{"line":10,"column":2},"end":{"line":10,"column":13}},"9":{"start":{"line":13,"column":24},"end":{"line":38,"column":1}},"10":{"start":{"line":14,"column":22},"end":{"line":22,"column":4}},"11":{"start":{"line":26,"column":17},"end":{"line":32,"column":6}},"12":{"start":{"line":34,"column":4},"end":{"line":34,"column":52}},"13":{"start":{"line":37,"column":2},"end":{"line":37,"column":30}},"14":{"start":{"line":13,"column":13},"end":{"line":13,"column":24}}},"fnMap":{"0":{"name":"createOtp","decl":{"start":{"line":3,"column":16},"end":{"line":3,"column":25}},"loc":{"start":{"line":3,"column":25},"end":{"line":11,"column":1}}},"1":{"name":"(anonymous_2)","decl":{"start":{"line":13,"column":24},"end":{"line":13,"column":25}},"loc":{"start":{"line":13,"column":55},"end":{"line":38,"column":1}}},"2":{"name":"main","decl":{"start":{"line":24,"column":17},"end":{"line":24,"column":21}},"loc":{"start":{"line":24,"column":21},"end":{"line":35,"column":3}}}},"branchMap":{},"s":{"0":1,"1":1,"2":4,"3":4,"4":4,"5":4,"6":24,"7":24,"8":4,"9":1,"10":2,"11":2,"12":1,"13":2,"14":1},"f":{"0":4,"1":2,"2":2},"b":{}}
}
